Determining if the pthread_create exist failed with the following output:
Change Dir: /home/antun/student_apad_ws/build/h2omni_gazebo/CMakeFiles/CMakeTmp

Run Build Command:"/usr/bin/make" "cmTC_f888f/fast"
/usr/bin/make -f CMakeFiles/cmTC_f888f.dir/build.make CMakeFiles/cmTC_f888f.dir/build
make[1]: Entering directory '/home/antun/student_apad_ws/build/h2omni_gazebo/CMakeFiles/CMakeTmp'
Building C object CMakeFiles/cmTC_f888f.dir/CheckSymbolExists.c.o
/usr/bin/cc    -o CMakeFiles/cmTC_f888f.dir/CheckSymbolExists.c.o   -c /home/antun/student_apad_ws/build/h2omni_gazebo/CMakeFiles/CMakeTmp/CheckSymbolExists.c
Linking C executable cmTC_f888f
/usr/bin/cmake -E cmake_link_script CMakeFiles/cmTC_f888f.dir/link.txt --verbose=1
/usr/bin/cc      -rdynamic CMakeFiles/cmTC_f888f.dir/CheckSymbolExists.c.o  -o cmTC_f888f 
CMakeFiles/cmTC_f888f.dir/CheckSymbolExists.c.o: In function `main':
CheckSymbolExists.c:(.text+0x1b): undefined reference to `pthread_create'
collect2: error: ld returned 1 exit status
CMakeFiles/cmTC_f888f.dir/build.make:97: recipe for target 'cmTC_f888f' failed
make[1]: *** [cmTC_f888f] Error 1
make[1]: Leaving directory '/home/antun/student_apad_ws/build/h2omni_gazebo/CMakeFiles/CMakeTmp'
Makefile:126: recipe for target 'cmTC_f888f/fast' failed
make: *** [cmTC_f888f/fast] Error 2

File /home/antun/student_apad_ws/build/h2omni_gazebo/CMakeFiles/CMakeTmp/CheckSymbolExists.c:
/* */
#include <pthread.h>

int main(int argc, char** argv)
{
  (void)argv;
#ifndef pthread_create
  return ((int*)(&pthread_create))[argc];
#else
  (void)argc;
  return 0;
#endif
}

Determining if the function pthread_create exists in the pthreads failed with the following output:
Change Dir: /home/antun/student_apad_ws/build/h2omni_gazebo/CMakeFiles/CMakeTmp

Run Build Command:"/usr/bin/make" "cmTC_fec42/fast"
/usr/bin/make -f CMakeFiles/cmTC_fec42.dir/build.make CMakeFiles/cmTC_fec42.dir/build
make[1]: Entering directory '/home/antun/student_apad_ws/build/h2omni_gazebo/CMakeFiles/CMakeTmp'
Building C object CMakeFiles/cmTC_fec42.dir/CheckFunctionExists.c.o
/usr/bin/cc   -DCHECK_FUNCTION_EXISTS=pthread_create   -o CMakeFiles/cmTC_fec42.dir/CheckFunctionExists.c.o   -c /usr/share/cmake-3.10/Modules/CheckFunctionExists.c
Linking C executable cmTC_fec42
/usr/bin/cmake -E cmake_link_script CMakeFiles/cmTC_fec42.dir/link.txt --verbose=1
/usr/bin/cc  -DCHECK_FUNCTION_EXISTS=pthread_create    -rdynamic CMakeFiles/cmTC_fec42.dir/CheckFunctionExists.c.o  -o cmTC_fec42 -lpthreads 
/usr/bin/ld: cannot find -lpthreads
collect2: error: ld returned 1 exit status
CMakeFiles/cmTC_fec42.dir/build.make:97: recipe for target 'cmTC_fec42' failed
make[1]: *** [cmTC_fec42] Error 1
make[1]: Leaving directory '/home/antun/student_apad_ws/build/h2omni_gazebo/CMakeFiles/CMakeTmp'
Makefile:126: recipe for target 'cmTC_fec42/fast' failed
make: *** [cmTC_fec42/fast] Error 2


