Determining if the pthread_create exist failed with the following output:
Change Dir: /home/antun/student_apad_ws/build/h2omni_description/CMakeFiles/CMakeTmp

Run Build Command:"/usr/bin/make" "cmTC_07322/fast"
/usr/bin/make -f CMakeFiles/cmTC_07322.dir/build.make CMakeFiles/cmTC_07322.dir/build
make[1]: Entering directory '/home/antun/student_apad_ws/build/h2omni_description/CMakeFiles/CMakeTmp'
Building C object CMakeFiles/cmTC_07322.dir/CheckSymbolExists.c.o
/usr/bin/cc    -o CMakeFiles/cmTC_07322.dir/CheckSymbolExists.c.o   -c /home/antun/student_apad_ws/build/h2omni_description/CMakeFiles/CMakeTmp/CheckSymbolExists.c
Linking C executable cmTC_07322
/usr/bin/cmake -E cmake_link_script CMakeFiles/cmTC_07322.dir/link.txt --verbose=1
/usr/bin/cc      -rdynamic CMakeFiles/cmTC_07322.dir/CheckSymbolExists.c.o  -o cmTC_07322 
CMakeFiles/cmTC_07322.dir/CheckSymbolExists.c.o: In function `main':
CheckSymbolExists.c:(.text+0x1b): undefined reference to `pthread_create'
collect2: error: ld returned 1 exit status
CMakeFiles/cmTC_07322.dir/build.make:97: recipe for target 'cmTC_07322' failed
make[1]: *** [cmTC_07322] Error 1
make[1]: Leaving directory '/home/antun/student_apad_ws/build/h2omni_description/CMakeFiles/CMakeTmp'
Makefile:126: recipe for target 'cmTC_07322/fast' failed
make: *** [cmTC_07322/fast] Error 2

File /home/antun/student_apad_ws/build/h2omni_description/CMakeFiles/CMakeTmp/CheckSymbolExists.c:
/* */
#include <pthread.h>

int main(int argc, char** argv)
{
  (void)argv;
#ifndef pthread_create
  return ((int*)(&pthread_create))[argc];
#else
  (void)argc;
  return 0;
#endif
}

Determining if the function pthread_create exists in the pthreads failed with the following output:
Change Dir: /home/antun/student_apad_ws/build/h2omni_description/CMakeFiles/CMakeTmp

Run Build Command:"/usr/bin/make" "cmTC_b0c03/fast"
/usr/bin/make -f CMakeFiles/cmTC_b0c03.dir/build.make CMakeFiles/cmTC_b0c03.dir/build
make[1]: Entering directory '/home/antun/student_apad_ws/build/h2omni_description/CMakeFiles/CMakeTmp'
Building C object CMakeFiles/cmTC_b0c03.dir/CheckFunctionExists.c.o
/usr/bin/cc   -DCHECK_FUNCTION_EXISTS=pthread_create   -o CMakeFiles/cmTC_b0c03.dir/CheckFunctionExists.c.o   -c /usr/share/cmake-3.10/Modules/CheckFunctionExists.c
Linking C executable cmTC_b0c03
/usr/bin/cmake -E cmake_link_script CMakeFiles/cmTC_b0c03.dir/link.txt --verbose=1
/usr/bin/cc  -DCHECK_FUNCTION_EXISTS=pthread_create    -rdynamic CMakeFiles/cmTC_b0c03.dir/CheckFunctionExists.c.o  -o cmTC_b0c03 -lpthreads 
/usr/bin/ld: cannot find -lpthreads
collect2: error: ld returned 1 exit status
CMakeFiles/cmTC_b0c03.dir/build.make:97: recipe for target 'cmTC_b0c03' failed
make[1]: *** [cmTC_b0c03] Error 1
make[1]: Leaving directory '/home/antun/student_apad_ws/build/h2omni_description/CMakeFiles/CMakeTmp'
Makefile:126: recipe for target 'cmTC_b0c03/fast' failed
make: *** [cmTC_b0c03/fast] Error 2


