Determining if the pthread_create exist failed with the following output:
Change Dir: /home/antun/student_apad_ws/build/h2omni_control/CMakeFiles/CMakeTmp

Run Build Command:"/usr/bin/make" "cmTC_4607c/fast"
/usr/bin/make -f CMakeFiles/cmTC_4607c.dir/build.make CMakeFiles/cmTC_4607c.dir/build
make[1]: Entering directory '/home/antun/student_apad_ws/build/h2omni_control/CMakeFiles/CMakeTmp'
Building C object CMakeFiles/cmTC_4607c.dir/CheckSymbolExists.c.o
/usr/bin/cc    -o CMakeFiles/cmTC_4607c.dir/CheckSymbolExists.c.o   -c /home/antun/student_apad_ws/build/h2omni_control/CMakeFiles/CMakeTmp/CheckSymbolExists.c
Linking C executable cmTC_4607c
/usr/bin/cmake -E cmake_link_script CMakeFiles/cmTC_4607c.dir/link.txt --verbose=1
/usr/bin/cc      -rdynamic CMakeFiles/cmTC_4607c.dir/CheckSymbolExists.c.o  -o cmTC_4607c 
CMakeFiles/cmTC_4607c.dir/CheckSymbolExists.c.o: In function `main':
CheckSymbolExists.c:(.text+0x1b): undefined reference to `pthread_create'
collect2: error: ld returned 1 exit status
CMakeFiles/cmTC_4607c.dir/build.make:97: recipe for target 'cmTC_4607c' failed
make[1]: *** [cmTC_4607c] Error 1
make[1]: Leaving directory '/home/antun/student_apad_ws/build/h2omni_control/CMakeFiles/CMakeTmp'
Makefile:126: recipe for target 'cmTC_4607c/fast' failed
make: *** [cmTC_4607c/fast] Error 2

File /home/antun/student_apad_ws/build/h2omni_control/CMakeFiles/CMakeTmp/CheckSymbolExists.c:
/* */
#include <pthread.h>

int main(int argc, char** argv)
{
  (void)argv;
#ifndef pthread_create
  return ((int*)(&pthread_create))[argc];
#else
  (void)argc;
  return 0;
#endif
}

Determining if the function pthread_create exists in the pthreads failed with the following output:
Change Dir: /home/antun/student_apad_ws/build/h2omni_control/CMakeFiles/CMakeTmp

Run Build Command:"/usr/bin/make" "cmTC_58f0a/fast"
/usr/bin/make -f CMakeFiles/cmTC_58f0a.dir/build.make CMakeFiles/cmTC_58f0a.dir/build
make[1]: Entering directory '/home/antun/student_apad_ws/build/h2omni_control/CMakeFiles/CMakeTmp'
Building C object CMakeFiles/cmTC_58f0a.dir/CheckFunctionExists.c.o
/usr/bin/cc   -DCHECK_FUNCTION_EXISTS=pthread_create   -o CMakeFiles/cmTC_58f0a.dir/CheckFunctionExists.c.o   -c /usr/share/cmake-3.10/Modules/CheckFunctionExists.c
Linking C executable cmTC_58f0a
/usr/bin/cmake -E cmake_link_script CMakeFiles/cmTC_58f0a.dir/link.txt --verbose=1
/usr/bin/cc  -DCHECK_FUNCTION_EXISTS=pthread_create    -rdynamic CMakeFiles/cmTC_58f0a.dir/CheckFunctionExists.c.o  -o cmTC_58f0a -lpthreads 
/usr/bin/ld: cannot find -lpthreads
collect2: error: ld returned 1 exit status
CMakeFiles/cmTC_58f0a.dir/build.make:97: recipe for target 'cmTC_58f0a' failed
make[1]: *** [cmTC_58f0a] Error 1
make[1]: Leaving directory '/home/antun/student_apad_ws/build/h2omni_control/CMakeFiles/CMakeTmp'
Makefile:126: recipe for target 'cmTC_58f0a/fast' failed
make: *** [cmTC_58f0a/fast] Error 2


